[38;5;112m[Appium][0m Welcome to Appium v2.11.5
[38;5;112m[Appium][0m Non-default server args:
[38;5;112m[Appium][0m { basePath: [32m'/wd/hub'[39m, loglevel: [32m'info'[39m, port: [33m52825[39m }
[38;5;112m[Appium][0m Attempting to load driver uiautomator2...
[38;5;112m[Appium][0m Appium REST http interface listener started on http://0.0.0.0:52825/wd/hub
[38;5;112m[Appium][0m You can provide the following URLs in your client code to connect to this server:
	http://172.21.240.1:52825/wd/hub
	http://192.168.1.12:52825/wd/hub
	http://127.0.0.1:52825/wd/hub (only accessible from the same host)
[38;5;112m[Appium][0m Available drivers:
[38;5;112m[Appium][0m   - uiautomator2@3.8.0 (automationName 'UiAutomator2')
[38;5;112m[Appium][0m No plugins have been installed. Use the "appium plugin" command to install the one(s) you want to use.
[38;5;86m[HTTP][0m [37m-->[39m [37mGET[39m [37m/wd/hub/status[39m [90m{}[39m
[38;5;86m[HTTP][0m [37m<-- GET /wd/hub/status [39m[32m200[39m [90m16 ms - 111[39m [90m[39m
[38;5;86m[HTTP][0m [37m-->[39m [37mGET[39m [37m/wd/hub/status[39m [90m{}[39m
[38;5;86m[HTTP][0m [37m<-- GET /wd/hub/status [39m[32m200[39m [90m4 ms - 111[39m [90m[39m
[38;5;86m[HTTP][0m [37m-->[39m [37mPOST[39m [37m/wd/hub/session[39m [90m{"desiredCapabilities":{"appium:systemPort":52864,"appium:newCommandTimeout":1800,"appium:automationName":"uiautomator2","appium:fullReset":false,"appium:platformVersion":"9","appium:noReset":true,"appium:udid":"emulator-5554","appium:autoGrantPermissions":true,"appium:platformName":"ANDROID","appium:deviceName":"emulator-5554 (AOSP on IA Emulator - Android 9)","platformName":"Android","appium:app":"C:\\Users\\User\\Katalon Studio\\EduApp\\mobileapp\\calculator_v8.apk"},"capabilities":{"firstMatch":[{"appium:app":"C:\\Users\\User\\Katalon Studio\\EduApp\\mobileapp\\calculator_v8.apk","appium:autoGrantPermissions":true,"appium:automationName":"uiautomator2","appium:deviceName":"emulator-5554 (AOSP on IA Emulator - Android 9)","appium:fullReset":false,"appium:newCommandTimeout":1800,"appium:noReset":true,"appium:platformName":"ANDROID","appium:platformVersion":"9","appium:systemPort":52864,"appium:udid":"emulator-5554","platformName":"android"}]}}[39m
[38;5;123m[BaseDriver][0m Ignoring capability 'appium:platformName=ANDROID' and using capability 'platformName=android'
[38;5;123m[BaseDriver][0m The capabilities ["platformName"] are standard capabilities and do not require "appium:" prefix
[38;5;112m[Appium][0m Attempting to find matching driver for automationName 'uiautomator2' and platformName 'android'
[38;5;112m[Appium][0m The 'uiautomator2' driver was installed and matched caps.
[38;5;112m[Appium][0m Will require it at C:\Users\User\.appium\node_modules\appium-uiautomator2-driver
[38;5;27m[AppiumDriver@9060][0m Appium v2.11.5 creating new AndroidUiautomator2Driver (v3.8.0) session
[38;5;27m[AppiumDriver@9060][0m Checking BaseDriver versions for Appium and AndroidUiautomator2Driver
[38;5;27m[AppiumDriver@9060][0m Appium's BaseDriver version is 9.11.5
[38;5;27m[AppiumDriver@9060][0m AndroidUiautomator2Driver's BaseDriver version is 9.11.5
[38;5;125m[8b01de8c][0m[38;5;-23m[AndroidUiautomator2Driver@5fbe][0m Session created with session id: 8b01de8c-6fd7-4125-9093-e4d018011b21
[38;5;125m[8b01de8c][0m[38;5;229m[ADB][0m Found 1 'build-tools' folders under 'C:\Users\User\AppData\Local\Android\Sdk' (newest first):
[38;5;125m[8b01de8c][0m[38;5;229m[ADB][0m     C:\Users\User\AppData\Local\Android\Sdk\build-tools\35.0.0
[38;5;125m[8b01de8c][0m[38;5;229m[ADB][0m Using 'adb.exe' from 'C:\Users\User\AppData\Local\Android\Sdk\platform-tools\adb.exe'
[38;5;125m[8b01de8c][0m[38;5;-23m[AndroidUiautomator2Driver@5fbe][0m Retrieving device list
[38;5;125m[8b01de8c][0m[38;5;-23m[AndroidUiautomator2Driver@5fbe][0m Using device: emulator-5554
[38;5;125m[8b01de8c][0m[38;5;229m[ADB][0m Using 'adb.exe' from 'C:\Users\User\AppData\Local\Android\Sdk\platform-tools\adb.exe'
[38;5;125m[8b01de8c][0m[38;5;123m[BaseDriver][0m Using local app 'C:\Users\User\Katalon Studio\EduApp\mobileapp\calculator_v8.apk'
[38;5;125m[8b01de8c][0m[38;5;229m[ADB][0m Getting device platform version
[38;5;125m[8b01de8c][0m[38;5;-23m[AndroidUiautomator2Driver@5fbe][0m Relaxing hidden api policy
[38;5;125m[8b01de8c][0m[38;5;229m[ADB][0m Using 'aapt2.exe' from 'C:\Users\User\AppData\Local\Android\Sdk\build-tools\35.0.0\aapt2.exe'
[38;5;125m[8b01de8c][0m[38;5;229m[ADB][0m Package name: 'com.google.android.calculator'
[38;5;125m[8b01de8c][0m[38;5;229m[ADB][0m Main activity name: 'com.android.calculator2.Calculator'
[38;5;125m[8b01de8c][0m[38;5;229m[ADB][0m Using 'apksigner.jar' from 'C:\Users\User\AppData\Local\Android\Sdk\build-tools\35.0.0\lib\apksigner.jar'
[38;5;125m[8b01de8c][0m[38;5;-23m[AndroidUiautomator2Driver@5fbe][0m Server packages are not going to be (re)installed
[38;5;125m[8b01de8c][0m[38;5;229m[ADB][0m Adding packages ["io.appium.settings","io.appium.uiautomator2.server","io.appium.uiautomator2.server.test"] to Doze whitelist
[38;5;125m[8b01de8c][0m[38;5;229m[ADB][0m 'C:\Users\User\Katalon Studio\EduApp\mobileapp\calculator_v8.apk' is signed with a non-default certificate
[38;5;125m[8b01de8c][0m[38;5;229m[ADB][0m The application at 'C:\Users\User\Katalon Studio\EduApp\mobileapp\calculator_v8.apk' will not be cached, because the device under test has confirmed the support of streamed installs
[38;5;125m[8b01de8c][0m[38;5;229m[ADB][0m The installation of 'calculator_v8.apk' took 4566ms
[38;5;125m[8b01de8c][0m[38;5;-23m[AndroidUiautomator2Driver@5fbe][0m Starting UIAutomator2 server 7.0.25
[38;5;125m[8b01de8c][0m[38;5;-23m[AndroidUiautomator2Driver@5fbe][0m Using UIAutomator2 server from 'C:\Users\User\.appium\node_modules\appium-uiautomator2-driver\node_modules\appium-uiautomator2-server\apks\appium-uiautomator2-server-v7.0.25.apk' and test from 'C:\Users\User\.appium\node_modules\appium-uiautomator2-driver\node_modules\appium-uiautomator2-server\apks\appium-uiautomator2-server-debug-androidTest.apk'
[38;5;125m[8b01de8c][0m[38;5;-23m[AndroidUiautomator2Driver@5fbe][0m Waiting up to 30000ms for UiAutomator2 to be online...
[38;5;125m[8b01de8c][0m[38;5;-23m[AndroidUiautomator2Driver@5fbe][0m socket hang up
[38;5;125m[8b01de8c][0m[38;5;-23m[AndroidUiautomator2Driver@5fbe][0m socket hang up
[38;5;125m[8b01de8c][0m[38;5;-23m[AndroidUiautomator2Driver@5fbe][0m socket hang up
[38;5;125m[8b01de8c][0m[38;5;-23m[AndroidUiautomator2Driver@5fbe][0m socket hang up
[38;5;125m[8b01de8c][0m[38;5;-23m[AndroidUiautomator2Driver@5fbe][0m Determined the downstream protocol as 'W3C'
[38;5;125m[8b01de8c][0m[38;5;-23m[AndroidUiautomator2Driver@5fbe][0m Screen already unlocked, doing nothing
[38;5;125m[8b01de8c][0m[38;5;-23m[AndroidUiautomator2Driver@5fbe][0m Starting 'com.google.android.calculator/com.android.calculator2.Calculator and waiting for 'com.google.android.calculator/com.android.calculator2.Calculator'
[38;5;125m[8b01de8c][0m[38;5;27m[AppiumDriver@9060][0m New AndroidUiautomator2Driver session created successfully, session 8b01de8c-6fd7-4125-9093-e4d018011b21 added to master session list
[38;5;125m[8b01de8c][0m[38;5;86m[HTTP][0m [37m<-- POST /wd/hub/session [39m[32m200[39m [90m19331 ms - 1266[39m [90m[39m
[38;5;125m[8b01de8c][0m[38;5;86m[HTTP][0m [37m-->[39m [37mGET[39m [37m/wd/hub/session/8b01de8c-6fd7-4125-9093-e4d018011b21[39m [90m{}[39m
[38;5;125m[8b01de8c][0m[38;5;86m[HTTP][0m [37m<-- GET /wd/hub/session/8b01de8c-6fd7-4125-9093-e4d018011b21 [39m[32m200[39m [90m77 ms - 381[39m [90m[39m
[38;5;125m[8b01de8c][0m[38;5;86m[HTTP][0m [37m-->[39m [37mGET[39m [37m/wd/hub/session/8b01de8c-6fd7-4125-9093-e4d018011b21[39m [90m{}[39m
[38;5;125m[8b01de8c][0m[38;5;86m[HTTP][0m [37m<-- GET /wd/hub/session/8b01de8c-6fd7-4125-9093-e4d018011b21 [39m[32m200[39m [90m25 ms - 381[39m [90m[39m
[38;5;86m[HTTP][0m [37m-->[39m [37mGET[39m [37m/wd/hub/status[39m [90m{}[39m
[38;5;86m[HTTP][0m [37m<-- GET /wd/hub/status [39m[32m200[39m [90m3 ms - 111[39m [90m[39m
[38;5;125m[8b01de8c][0m[38;5;86m[HTTP][0m [37m-->[39m [37mPOST[39m [37m/wd/hub/session/8b01de8c-6fd7-4125-9093-e4d018011b21/timeouts[39m [90m{"implicit":60000}[39m
[38;5;125m[8b01de8c][0m[38;5;86m[HTTP][0m [37m<-- POST /wd/hub/session/8b01de8c-6fd7-4125-9093-e4d018011b21/timeouts [39m[32m200[39m [90m6 ms - 14[39m [90m[39m
[38;5;125m[8b01de8c][0m[38;5;86m[HTTP][0m [37m-->[39m [37mGET[39m [37m/wd/hub/session/8b01de8c-6fd7-4125-9093-e4d018011b21/source[39m [90m{}[39m
[38;5;125m[8b01de8c][0m[38;5;-23m[AndroidUiautomator2Driver@5fbe][0m Driver proxy active, passing request on via HTTP proxy
[38;5;125m[8b01de8c][0m[38;5;-23m[AndroidUiautomator2Driver@5fbe][0m Replacing sessionId 45492526-0f43-472f-b2ff-0cb509262e27 with 8b01de8c-6fd7-4125-9093-e4d018011b21
[38;5;125m[8b01de8c][0m[38;5;86m[HTTP][0m [37m<-- GET /wd/hub/session/8b01de8c-6fd7-4125-9093-e4d018011b21/source [39m[32m200[39m [90m2108 ms - 19688[39m [90m[39m
[38;5;125m[8b01de8c][0m[38;5;86m[HTTP][0m [37m-->[39m [37mGET[39m [37m/wd/hub/session/8b01de8c-6fd7-4125-9093-e4d018011b21/screenshot[39m [90m{}[39m
[38;5;125m[8b01de8c][0m[38;5;86m[HTTP][0m [37m<-- GET /wd/hub/session/8b01de8c-6fd7-4125-9093-e4d018011b21/screenshot [39m[32m200[39m [90m786 ms - 152016[39m [90m[39m
[38;5;125m[8b01de8c][0m[38;5;86m[HTTP][0m [37m-->[39m [37mDELETE[39m [37m/wd/hub/session/8b01de8c-6fd7-4125-9093-e4d018011b21[39m [90m{}[39m
[38;5;125m[8b01de8c][0m[38;5;27m[AppiumDriver@9060][0m Removing session 8b01de8c-6fd7-4125-9093-e4d018011b21 from our master session list
[38;5;125m[8b01de8c][0m[38;5;-23m[AndroidUiautomator2Driver@5fbe][0m Restoring hidden api policy to the device default configuration
[38;5;125m[8b01de8c][0m[38;5;86m[HTTP][0m [37m<-- DELETE /wd/hub/session/8b01de8c-6fd7-4125-9093-e4d018011b21 [39m[32m200[39m [90m451 ms - 14[39m [90m[39m
